<?xml version="1.0" encoding="UTF-8"?>
<!-- Generated by org.testng.reporters.JUnitReportReporter -->
<testsuite skipped="0" hostname="DESKTOP-QTN1F52" name="GroupTest.Home_loan" tests="1" failures="0" timestamp="01 Oct 2020 12:05:01 GMT" time="0.000" errors="0">
  <testcase name="MobileLoginHomeLoan" time="0.000" classname="GroupTest.Home_loan"/>
</testsuite> <!-- GroupTest.Home_loan -->
