<?xml version="1.0" encoding="UTF-8"?>
<!-- Generated by org.testng.reporters.JUnitReportReporter -->
<testsuite skipped="1" hostname="DESKTOP-QTN1F52" name="Annotations.TestNGDemoTestCases3" tests="5" failures="0" timestamp="2020-10-01T11:56:42 IST" time="0.020" errors="0">
  <testcase name="timeToexecute" time="0.005" classname="Annotations.TestNGDemoTestCases3"/>
  <system-out/>
  <testcase name="banking" time="0.010" classname="Annotations.TestNGDemoTestCases3"/>
  <system-out/>
  <testcase name="createNEWAccount" time="0.005" classname="Annotations.TestNGDemoTestCases3"/>
  <system-out/>
  <testcase name="AddCustomer" time="0.000" classname="Annotations.TestNGDemoTestCases3"/>
  <system-out/>
  <testcase name="createAccount" classname="Annotations.TestNGDemoTestCases3">
    <skipped/>
  </testcase> <!-- createAccount -->
  <system-out/>
</testsuite> <!-- Annotations.TestNGDemoTestCases3 -->
