<?xml version="1.0" encoding="UTF-8"?>
<!-- Generated by org.testng.reporters.JUnitReportReporter -->
<testsuite skipped="0" hostname="DESKTOP-QTN1F52" name="Annotations.TestNGDemoTestCases" tests="2" failures="0" timestamp="01 Oct 2020 07:26:23 GMT" time="0.018" errors="0">
  <testcase name="Demo" time="0.013" classname="Annotations.TestNGDemoTestCases"/>
  <testcase name="Demo2" time="0.005" classname="Annotations.TestNGDemoTestCases"/>
</testsuite> <!-- Annotations.TestNGDemoTestCases -->
